The system is: Linux - 5.15.0-119-generic - x86_64
Compiling the CXX compiler identification source file "CMakeCXXCompilerId.cpp" succeeded.
Compiler: /usr/local/bin/c++ 
Build flags: 
Id flags:  

The output was:
0


Compilation of the CXX compiler identification source "CMakeCXXCompilerId.cpp" produced "a.out"

The CXX compiler identification is GNU, found in "/home/project/scanner/build_centos_x86/CMakeFiles/3.20.0/CompilerIdCXX/a.out"

Detecting CXX compiler ABI info compiled with the following output:
Change Dir: /home/project/scanner/build_centos_x86/CMakeFiles/CMakeTmp

Run Build Command(s):/usr/bin/gmake -f Makefile cmTC_960f5/fast && /usr/bin/gmake  -f CMakeFiles/cmTC_960f5.dir/build.make CMakeFiles/cmTC_960f5.dir/build
gmake[1]: Entering directory `/home/project/scanner/build_centos_x86/CMakeFiles/CMakeTmp'
Building CXX object CMakeFiles/cmTC_960f5.dir/CMakeCXXCompilerABI.cpp.o
/usr/local/bin/c++   -v -o CMakeFiles/cmTC_960f5.dir/CMakeCXXCompilerABI.cpp.o -c /usr/local/share/cmake-3.20/Modules/CMakeCXXCompilerABI.cpp
Using built-in specs.
COLLECT_GCC=/usr/local/bin/c++
Target: i686-redhat-linux
Configured with: ../gcc-9.4.0/configure --disable-multilib --enable-languages=c,c++ --with-tune=generic --with-arch=x86-64 --build=i686-redhat-linux
Thread model: posix
gcc version 9.4.0 (GCC) 
COLLECT_GCC_OPTIONS='-v' '-o' 'CMakeFiles/cmTC_960f5.dir/CMakeCXXCompilerABI.cpp.o' '-c' '-shared-libgcc' '-mtune=generic' '-march=x86-64'
 /usr/local/libexec/gcc/i686-redhat-linux/9.4.0/cc1plus -quiet -v -D_GNU_SOURCE /usr/local/share/cmake-3.20/Modules/CMakeCXXCompilerABI.cpp -quiet -dumpbase CMakeCXXCompilerABI.cpp -mtune=generic -march=x86-64 -auxbase-strip CMakeFiles/cmTC_960f5.dir/CMakeCXXCompilerABI.cpp.o -version -o /tmp/ccfG1x5A.s
GNU C++14 (GCC) version 9.4.0 (i686-redhat-linux)
	compiled by GNU C version 9.4.0, GMP version 6.1.0, MPFR version 3.1.4, MPC version 1.0.3, isl version isl-0.18-GMP

GGC heuristics: --param ggc-min-expand=100 --param ggc-min-heapsize=131072
ignoring nonexistent directory "/usr/local/lib/gcc/i686-redhat-linux/9.4.0/../../../../i686-redhat-linux/include"
#include "..." search starts here:
#include <...> search starts here:
 /usr/local/lib/gcc/i686-redhat-linux/9.4.0/../../../../include/c++/9.4.0
 /usr/local/lib/gcc/i686-redhat-linux/9.4.0/../../../../include/c++/9.4.0/i686-redhat-linux
 /usr/local/lib/gcc/i686-redhat-linux/9.4.0/../../../../include/c++/9.4.0/backward
 /usr/local/lib/gcc/i686-redhat-linux/9.4.0/include
 /usr/local/include
 /usr/local/lib/gcc/i686-redhat-linux/9.4.0/include-fixed
 /usr/include
End of search list.
GNU C++14 (GCC) version 9.4.0 (i686-redhat-linux)
	compiled by GNU C version 9.4.0, GMP version 6.1.0, MPFR version 3.1.4, MPC version 1.0.3, isl version isl-0.18-GMP

GGC heuristics: --param ggc-min-expand=100 --param ggc-min-heapsize=131072
Compiler executable checksum: 2e57445f4c7de0006e2682b35884aeaa
COLLECT_GCC_OPTIONS='-v' '-o' 'CMakeFiles/cmTC_960f5.dir/CMakeCXXCompilerABI.cpp.o' '-c' '-shared-libgcc' '-mtune=generic' '-march=x86-64'
 as -v --32 -o CMakeFiles/cmTC_960f5.dir/CMakeCXXCompilerABI.cpp.o /tmp/ccfG1x5A.s
GNU assembler version 2.27 (i686-redhat-linux) using BFD version version 2.27-44.base.el7_9.1
COMPILER_PATH=/usr/local/libexec/gcc/i686-redhat-linux/9.4.0/:/usr/local/libexec/gcc/i686-redhat-linux/9.4.0/:/usr/local/libexec/gcc/i686-redhat-linux/:/usr/local/lib/gcc/i686-redhat-linux/9.4.0/:/usr/local/lib/gcc/i686-redhat-linux/
LIBRARY_PATH=/usr/local/lib/gcc/i686-redhat-linux/9.4.0/:/usr/local/lib/gcc/i686-redhat-linux/9.4.0/../../../:/lib/:/usr/lib/
COLLECT_GCC_OPTIONS='-v' '-o' 'CMakeFiles/cmTC_960f5.dir/CMakeCXXCompilerABI.cpp.o' '-c' '-shared-libgcc' '-mtune=generic' '-march=x86-64'
Linking CXX executable cmTC_960f5
/usr/local/bin/cmake -E cmake_link_script CMakeFiles/cmTC_960f5.dir/link.txt --verbose=1
/usr/local/bin/c++  -v CMakeFiles/cmTC_960f5.dir/CMakeCXXCompilerABI.cpp.o -o cmTC_960f5 
Using built-in specs.
COLLECT_GCC=/usr/local/bin/c++
COLLECT_LTO_WRAPPER=/usr/local/libexec/gcc/i686-redhat-linux/9.4.0/lto-wrapper
Target: i686-redhat-linux
Configured with: ../gcc-9.4.0/configure --disable-multilib --enable-languages=c,c++ --with-tune=generic --with-arch=x86-64 --build=i686-redhat-linux
Thread model: posix
gcc version 9.4.0 (GCC) 
COMPILER_PATH=/usr/local/libexec/gcc/i686-redhat-linux/9.4.0/:/usr/local/libexec/gcc/i686-redhat-linux/9.4.0/:/usr/local/libexec/gcc/i686-redhat-linux/:/usr/local/lib/gcc/i686-redhat-linux/9.4.0/:/usr/local/lib/gcc/i686-redhat-linux/
LIBRARY_PATH=/usr/local/lib/gcc/i686-redhat-linux/9.4.0/:/usr/local/lib/gcc/i686-redhat-linux/9.4.0/../../../:/lib/:/usr/lib/
COLLECT_GCC_OPTIONS='-v' '-o' 'cmTC_960f5' '-shared-libgcc' '-mtune=generic' '-march=x86-64'
 /usr/local/libexec/gcc/i686-redhat-linux/9.4.0/collect2 -plugin /usr/local/libexec/gcc/i686-redhat-linux/9.4.0/liblto_plugin.so -plugin-opt=/usr/local/libexec/gcc/i686-redhat-linux/9.4.0/lto-wrapper -plugin-opt=-fresolution=/tmp/ccuJFkRD.res -plugin-opt=-pass-through=-lgcc_s -plugin-opt=-pass-through=-lgcc -plugin-opt=-pass-through=-lc -plugin-opt=-pass-through=-lgcc_s -plugin-opt=-pass-through=-lgcc --eh-frame-hdr -m elf_i386 -dynamic-linker /lib/ld-linux.so.2 -o cmTC_960f5 /lib/crt1.o /lib/crti.o /usr/local/lib/gcc/i686-redhat-linux/9.4.0/crtbegin.o -L/usr/local/lib/gcc/i686-redhat-linux/9.4.0 -L/usr/local/lib/gcc/i686-redhat-linux/9.4.0/../../.. CMakeFiles/cmTC_960f5.dir/CMakeCXXCompilerABI.cpp.o -lstdc++ -lm -lgcc_s -lgcc -lc -lgcc_s -lgcc /usr/local/lib/gcc/i686-redhat-linux/9.4.0/crtend.o /lib/crtn.o
COLLECT_GCC_OPTIONS='-v' '-o' 'cmTC_960f5' '-shared-libgcc' '-mtune=generic' '-march=x86-64'
gmake[1]: Leaving directory `/home/project/scanner/build_centos_x86/CMakeFiles/CMakeTmp'



Parsed CXX implicit include dir info from above output: rv=done
  found start of include info
  found start of implicit include info
    add: [/usr/local/lib/gcc/i686-redhat-linux/9.4.0/../../../../include/c++/9.4.0]
    add: [/usr/local/lib/gcc/i686-redhat-linux/9.4.0/../../../../include/c++/9.4.0/i686-redhat-linux]
    add: [/usr/local/lib/gcc/i686-redhat-linux/9.4.0/../../../../include/c++/9.4.0/backward]
    add: [/usr/local/lib/gcc/i686-redhat-linux/9.4.0/include]
    add: [/usr/local/include]
    add: [/usr/local/lib/gcc/i686-redhat-linux/9.4.0/include-fixed]
    add: [/usr/include]
  end of search list found
  collapse include dir [/usr/local/lib/gcc/i686-redhat-linux/9.4.0/../../../../include/c++/9.4.0] ==> [/usr/local/include/c++/9.4.0]
  collapse include dir [/usr/local/lib/gcc/i686-redhat-linux/9.4.0/../../../../include/c++/9.4.0/i686-redhat-linux] ==> [/usr/local/include/c++/9.4.0/i686-redhat-linux]
  collapse include dir [/usr/local/lib/gcc/i686-redhat-linux/9.4.0/../../../../include/c++/9.4.0/backward] ==> [/usr/local/include/c++/9.4.0/backward]
  collapse include dir [/usr/local/lib/gcc/i686-redhat-linux/9.4.0/include] ==> [/usr/local/lib/gcc/i686-redhat-linux/9.4.0/include]
  collapse include dir [/usr/local/include] ==> [/usr/local/include]
  collapse include dir [/usr/local/lib/gcc/i686-redhat-linux/9.4.0/include-fixed] ==> [/usr/local/lib/gcc/i686-redhat-linux/9.4.0/include-fixed]
  collapse include dir [/usr/include] ==> [/usr/include]
  implicit include dirs: [/usr/local/include/c++/9.4.0;/usr/local/include/c++/9.4.0/i686-redhat-linux;/usr/local/include/c++/9.4.0/backward;/usr/local/lib/gcc/i686-redhat-linux/9.4.0/include;/usr/local/include;/usr/local/lib/gcc/i686-redhat-linux/9.4.0/include-fixed;/usr/include]


Parsed CXX implicit link information from above output:
  link line regex: [^( *|.*[/\])(ld|CMAKE_LINK_STARTFILE-NOTFOUND|([^/\]+-)?ld|collect2)[^/\]*( |$)]
  ignore line: [Change Dir: /home/project/scanner/build_centos_x86/CMakeFiles/CMakeTmp]
  ignore line: []
  ignore line: [Run Build Command(s):/usr/bin/gmake -f Makefile cmTC_960f5/fast && /usr/bin/gmake  -f CMakeFiles/cmTC_960f5.dir/build.make CMakeFiles/cmTC_960f5.dir/build]
  ignore line: [gmake[1]: Entering directory `/home/project/scanner/build_centos_x86/CMakeFiles/CMakeTmp']
  ignore line: [Building CXX object CMakeFiles/cmTC_960f5.dir/CMakeCXXCompilerABI.cpp.o]
  ignore line: [/usr/local/bin/c++   -v -o CMakeFiles/cmTC_960f5.dir/CMakeCXXCompilerABI.cpp.o -c /usr/local/share/cmake-3.20/Modules/CMakeCXXCompilerABI.cpp]
  ignore line: [Using built-in specs.]
  ignore line: [COLLECT_GCC=/usr/local/bin/c++]
  ignore line: [Target: i686-redhat-linux]
  ignore line: [Configured with: ../gcc-9.4.0/configure --disable-multilib --enable-languages=c c++ --with-tune=generic --with-arch=x86-64 --build=i686-redhat-linux]
  ignore line: [Thread model: posix]
  ignore line: [gcc version 9.4.0 (GCC) ]
  ignore line: [COLLECT_GCC_OPTIONS='-v' '-o' 'CMakeFiles/cmTC_960f5.dir/CMakeCXXCompilerABI.cpp.o' '-c' '-shared-libgcc' '-mtune=generic' '-march=x86-64']
  ignore line: [ /usr/local/libexec/gcc/i686-redhat-linux/9.4.0/cc1plus -quiet -v -D_GNU_SOURCE /usr/local/share/cmake-3.20/Modules/CMakeCXXCompilerABI.cpp -quiet -dumpbase CMakeCXXCompilerABI.cpp -mtune=generic -march=x86-64 -auxbase-strip CMakeFiles/cmTC_960f5.dir/CMakeCXXCompilerABI.cpp.o -version -o /tmp/ccfG1x5A.s]
  ignore line: [GNU C++14 (GCC) version 9.4.0 (i686-redhat-linux)]
  ignore line: [	compiled by GNU C version 9.4.0  GMP version 6.1.0  MPFR version 3.1.4  MPC version 1.0.3  isl version isl-0.18-GMP]
  ignore line: []
  ignore line: [GGC heuristics: --param ggc-min-expand=100 --param ggc-min-heapsize=131072]
  ignore line: [ignoring nonexistent directory "/usr/local/lib/gcc/i686-redhat-linux/9.4.0/../../../../i686-redhat-linux/include"]
  ignore line: [#include "..." search starts here:]
  ignore line: [#include <...> search starts here:]
  ignore line: [ /usr/local/lib/gcc/i686-redhat-linux/9.4.0/../../../../include/c++/9.4.0]
  ignore line: [ /usr/local/lib/gcc/i686-redhat-linux/9.4.0/../../../../include/c++/9.4.0/i686-redhat-linux]
  ignore line: [ /usr/local/lib/gcc/i686-redhat-linux/9.4.0/../../../../include/c++/9.4.0/backward]
  ignore line: [ /usr/local/lib/gcc/i686-redhat-linux/9.4.0/include]
  ignore line: [ /usr/local/include]
  ignore line: [ /usr/local/lib/gcc/i686-redhat-linux/9.4.0/include-fixed]
  ignore line: [ /usr/include]
  ignore line: [End of search list.]
  ignore line: [GNU C++14 (GCC) version 9.4.0 (i686-redhat-linux)]
  ignore line: [	compiled by GNU C version 9.4.0  GMP version 6.1.0  MPFR version 3.1.4  MPC version 1.0.3  isl version isl-0.18-GMP]
  ignore line: []
  ignore line: [GGC heuristics: --param ggc-min-expand=100 --param ggc-min-heapsize=131072]
  ignore line: [Compiler executable checksum: 2e57445f4c7de0006e2682b35884aeaa]
  ignore line: [COLLECT_GCC_OPTIONS='-v' '-o' 'CMakeFiles/cmTC_960f5.dir/CMakeCXXCompilerABI.cpp.o' '-c' '-shared-libgcc' '-mtune=generic' '-march=x86-64']
  ignore line: [ as -v --32 -o CMakeFiles/cmTC_960f5.dir/CMakeCXXCompilerABI.cpp.o /tmp/ccfG1x5A.s]
  ignore line: [GNU assembler version 2.27 (i686-redhat-linux) using BFD version version 2.27-44.base.el7_9.1]
  ignore line: [COMPILER_PATH=/usr/local/libexec/gcc/i686-redhat-linux/9.4.0/:/usr/local/libexec/gcc/i686-redhat-linux/9.4.0/:/usr/local/libexec/gcc/i686-redhat-linux/:/usr/local/lib/gcc/i686-redhat-linux/9.4.0/:/usr/local/lib/gcc/i686-redhat-linux/]
  ignore line: [LIBRARY_PATH=/usr/local/lib/gcc/i686-redhat-linux/9.4.0/:/usr/local/lib/gcc/i686-redhat-linux/9.4.0/../../../:/lib/:/usr/lib/]
  ignore line: [COLLECT_GCC_OPTIONS='-v' '-o' 'CMakeFiles/cmTC_960f5.dir/CMakeCXXCompilerABI.cpp.o' '-c' '-shared-libgcc' '-mtune=generic' '-march=x86-64']
  ignore line: [Linking CXX executable cmTC_960f5]
  ignore line: [/usr/local/bin/cmake -E cmake_link_script CMakeFiles/cmTC_960f5.dir/link.txt --verbose=1]
  ignore line: [/usr/local/bin/c++  -v CMakeFiles/cmTC_960f5.dir/CMakeCXXCompilerABI.cpp.o -o cmTC_960f5 ]
  ignore line: [Using built-in specs.]
  ignore line: [COLLECT_GCC=/usr/local/bin/c++]
  ignore line: [COLLECT_LTO_WRAPPER=/usr/local/libexec/gcc/i686-redhat-linux/9.4.0/lto-wrapper]
  ignore line: [Target: i686-redhat-linux]
  ignore line: [Configured with: ../gcc-9.4.0/configure --disable-multilib --enable-languages=c c++ --with-tune=generic --with-arch=x86-64 --build=i686-redhat-linux]
  ignore line: [Thread model: posix]
  ignore line: [gcc version 9.4.0 (GCC) ]
  ignore line: [COMPILER_PATH=/usr/local/libexec/gcc/i686-redhat-linux/9.4.0/:/usr/local/libexec/gcc/i686-redhat-linux/9.4.0/:/usr/local/libexec/gcc/i686-redhat-linux/:/usr/local/lib/gcc/i686-redhat-linux/9.4.0/:/usr/local/lib/gcc/i686-redhat-linux/]
  ignore line: [LIBRARY_PATH=/usr/local/lib/gcc/i686-redhat-linux/9.4.0/:/usr/local/lib/gcc/i686-redhat-linux/9.4.0/../../../:/lib/:/usr/lib/]
  ignore line: [COLLECT_GCC_OPTIONS='-v' '-o' 'cmTC_960f5' '-shared-libgcc' '-mtune=generic' '-march=x86-64']
  link line: [ /usr/local/libexec/gcc/i686-redhat-linux/9.4.0/collect2 -plugin /usr/local/libexec/gcc/i686-redhat-linux/9.4.0/liblto_plugin.so -plugin-opt=/usr/local/libexec/gcc/i686-redhat-linux/9.4.0/lto-wrapper -plugin-opt=-fresolution=/tmp/ccuJFkRD.res -plugin-opt=-pass-through=-lgcc_s -plugin-opt=-pass-through=-lgcc -plugin-opt=-pass-through=-lc -plugin-opt=-pass-through=-lgcc_s -plugin-opt=-pass-through=-lgcc --eh-frame-hdr -m elf_i386 -dynamic-linker /lib/ld-linux.so.2 -o cmTC_960f5 /lib/crt1.o /lib/crti.o /usr/local/lib/gcc/i686-redhat-linux/9.4.0/crtbegin.o -L/usr/local/lib/gcc/i686-redhat-linux/9.4.0 -L/usr/local/lib/gcc/i686-redhat-linux/9.4.0/../../.. CMakeFiles/cmTC_960f5.dir/CMakeCXXCompilerABI.cpp.o -lstdc++ -lm -lgcc_s -lgcc -lc -lgcc_s -lgcc /usr/local/lib/gcc/i686-redhat-linux/9.4.0/crtend.o /lib/crtn.o]
    arg [/usr/local/libexec/gcc/i686-redhat-linux/9.4.0/collect2] ==> ignore
    arg [-plugin] ==> ignore
    arg [/usr/local/libexec/gcc/i686-redhat-linux/9.4.0/liblto_plugin.so] ==> ignore
    arg [-plugin-opt=/usr/local/libexec/gcc/i686-redhat-linux/9.4.0/lto-wrapper] ==> ignore
    arg [-plugin-opt=-fresolution=/tmp/ccuJFkRD.res] ==> ignore
    arg [-plugin-opt=-pass-through=-lgcc_s] ==> ignore
    arg [-plugin-opt=-pass-through=-lgcc] ==> ignore
    arg [-plugin-opt=-pass-through=-lc] ==> ignore
    arg [-plugin-opt=-pass-through=-lgcc_s] ==> ignore
    arg [-plugin-opt=-pass-through=-lgcc] ==> ignore
    arg [--eh-frame-hdr] ==> ignore
    arg [-m] ==> ignore
    arg [elf_i386] ==> ignore
    arg [-dynamic-linker] ==> ignore
    arg [/lib/ld-linux.so.2] ==> ignore
    arg [-o] ==> ignore
    arg [cmTC_960f5] ==> ignore
    arg [/lib/crt1.o] ==> ignore
    arg [/lib/crti.o] ==> ignore
    arg [/usr/local/lib/gcc/i686-redhat-linux/9.4.0/crtbegin.o] ==> ignore
    arg [-L/usr/local/lib/gcc/i686-redhat-linux/9.4.0] ==> dir [/usr/local/lib/gcc/i686-redhat-linux/9.4.0]
    arg [-L/usr/local/lib/gcc/i686-redhat-linux/9.4.0/../../..] ==> dir [/usr/local/lib/gcc/i686-redhat-linux/9.4.0/../../..]
    arg [CMakeFiles/cmTC_960f5.dir/CMakeCXXCompilerABI.cpp.o] ==> ignore
    arg [-lstdc++] ==> lib [stdc++]
    arg [-lm] ==> lib [m]
    arg [-lgcc_s] ==> lib [gcc_s]
    arg [-lgcc] ==> lib [gcc]
    arg [-lc] ==> lib [c]
    arg [-lgcc_s] ==> lib [gcc_s]
    arg [-lgcc] ==> lib [gcc]
    arg [/usr/local/lib/gcc/i686-redhat-linux/9.4.0/crtend.o] ==> ignore
    arg [/lib/crtn.o] ==> ignore
  collapse library dir [/usr/local/lib/gcc/i686-redhat-linux/9.4.0] ==> [/usr/local/lib/gcc/i686-redhat-linux/9.4.0]
  collapse library dir [/usr/local/lib/gcc/i686-redhat-linux/9.4.0/../../..] ==> [/usr/local/lib]
  implicit libs: [stdc++;m;gcc_s;gcc;c;gcc_s;gcc]
  implicit dirs: [/usr/local/lib/gcc/i686-redhat-linux/9.4.0;/usr/local/lib]
  implicit fwks: []


Compiling the C compiler identification source file "CMakeCCompilerId.c" succeeded.
Compiler: /usr/local/bin/gcc 
Build flags: 
Id flags:  

The output was:
0


Compilation of the C compiler identification source "CMakeCCompilerId.c" produced "a.out"

The C compiler identification is GNU, found in "/home/project/scanner/build_centos_x86/CMakeFiles/3.20.0/CompilerIdC/a.out"

Detecting C compiler ABI info compiled with the following output:
Change Dir: /home/project/scanner/build_centos_x86/CMakeFiles/CMakeTmp

Run Build Command(s):/usr/bin/gmake -f Makefile cmTC_ec5f1/fast && /usr/bin/gmake  -f CMakeFiles/cmTC_ec5f1.dir/build.make CMakeFiles/cmTC_ec5f1.dir/build
gmake[1]: Entering directory `/home/project/scanner/build_centos_x86/CMakeFiles/CMakeTmp'
Building C object CMakeFiles/cmTC_ec5f1.dir/CMakeCCompilerABI.c.o
/usr/local/bin/gcc   -v -o CMakeFiles/cmTC_ec5f1.dir/CMakeCCompilerABI.c.o -c /usr/local/share/cmake-3.20/Modules/CMakeCCompilerABI.c
Using built-in specs.
COLLECT_GCC=/usr/local/bin/gcc
Target: i686-redhat-linux
Configured with: ../gcc-9.4.0/configure --disable-multilib --enable-languages=c,c++ --with-tune=generic --with-arch=x86-64 --build=i686-redhat-linux
Thread model: posix
gcc version 9.4.0 (GCC) 
COLLECT_GCC_OPTIONS='-v' '-o' 'CMakeFiles/cmTC_ec5f1.dir/CMakeCCompilerABI.c.o' '-c' '-mtune=generic' '-march=x86-64'
 /usr/local/libexec/gcc/i686-redhat-linux/9.4.0/cc1 -quiet -v /usr/local/share/cmake-3.20/Modules/CMakeCCompilerABI.c -quiet -dumpbase CMakeCCompilerABI.c -mtune=generic -march=x86-64 -auxbase-strip CMakeFiles/cmTC_ec5f1.dir/CMakeCCompilerABI.c.o -version -o /tmp/ccIAClEP.s
GNU C17 (GCC) version 9.4.0 (i686-redhat-linux)
	compiled by GNU C version 9.4.0, GMP version 6.1.0, MPFR version 3.1.4, MPC version 1.0.3, isl version isl-0.18-GMP

GGC heuristics: --param ggc-min-expand=100 --param ggc-min-heapsize=131072
ignoring nonexistent directory "/usr/local/lib/gcc/i686-redhat-linux/9.4.0/../../../../i686-redhat-linux/include"
#include "..." search starts here:
#include <...> search starts here:
 /usr/local/lib/gcc/i686-redhat-linux/9.4.0/include
 /usr/local/include
 /usr/local/lib/gcc/i686-redhat-linux/9.4.0/include-fixed
 /usr/include
End of search list.
GNU C17 (GCC) version 9.4.0 (i686-redhat-linux)
	compiled by GNU C version 9.4.0, GMP version 6.1.0, MPFR version 3.1.4, MPC version 1.0.3, isl version isl-0.18-GMP

GGC heuristics: --param ggc-min-expand=100 --param ggc-min-heapsize=131072
Compiler executable checksum: fa595bec2a33a79777cd7051dcfeffed
COLLECT_GCC_OPTIONS='-v' '-o' 'CMakeFiles/cmTC_ec5f1.dir/CMakeCCompilerABI.c.o' '-c' '-mtune=generic' '-march=x86-64'
 as -v --32 -o CMakeFiles/cmTC_ec5f1.dir/CMakeCCompilerABI.c.o /tmp/ccIAClEP.s
GNU assembler version 2.27 (i686-redhat-linux) using BFD version version 2.27-44.base.el7_9.1
COMPILER_PATH=/usr/local/libexec/gcc/i686-redhat-linux/9.4.0/:/usr/local/libexec/gcc/i686-redhat-linux/9.4.0/:/usr/local/libexec/gcc/i686-redhat-linux/:/usr/local/lib/gcc/i686-redhat-linux/9.4.0/:/usr/local/lib/gcc/i686-redhat-linux/
LIBRARY_PATH=/usr/local/lib/gcc/i686-redhat-linux/9.4.0/:/usr/local/lib/gcc/i686-redhat-linux/9.4.0/../../../:/lib/:/usr/lib/
COLLECT_GCC_OPTIONS='-v' '-o' 'CMakeFiles/cmTC_ec5f1.dir/CMakeCCompilerABI.c.o' '-c' '-mtune=generic' '-march=x86-64'
Linking C executable cmTC_ec5f1
/usr/local/bin/cmake -E cmake_link_script CMakeFiles/cmTC_ec5f1.dir/link.txt --verbose=1
/usr/local/bin/gcc  -v -rdynamic CMakeFiles/cmTC_ec5f1.dir/CMakeCCompilerABI.c.o -o cmTC_ec5f1 
Using built-in specs.
COLLECT_GCC=/usr/local/bin/gcc
COLLECT_LTO_WRAPPER=/usr/local/libexec/gcc/i686-redhat-linux/9.4.0/lto-wrapper
Target: i686-redhat-linux
Configured with: ../gcc-9.4.0/configure --disable-multilib --enable-languages=c,c++ --with-tune=generic --with-arch=x86-64 --build=i686-redhat-linux
Thread model: posix
gcc version 9.4.0 (GCC) 
COMPILER_PATH=/usr/local/libexec/gcc/i686-redhat-linux/9.4.0/:/usr/local/libexec/gcc/i686-redhat-linux/9.4.0/:/usr/local/libexec/gcc/i686-redhat-linux/:/usr/local/lib/gcc/i686-redhat-linux/9.4.0/:/usr/local/lib/gcc/i686-redhat-linux/
LIBRARY_PATH=/usr/local/lib/gcc/i686-redhat-linux/9.4.0/:/usr/local/lib/gcc/i686-redhat-linux/9.4.0/../../../:/lib/:/usr/lib/
COLLECT_GCC_OPTIONS='-v' '-rdynamic' '-o' 'cmTC_ec5f1' '-mtune=generic' '-march=x86-64'
 /usr/local/libexec/gcc/i686-redhat-linux/9.4.0/collect2 -plugin /usr/local/libexec/gcc/i686-redhat-linux/9.4.0/liblto_plugin.so -plugin-opt=/usr/local/libexec/gcc/i686-redhat-linux/9.4.0/lto-wrapper -plugin-opt=-fresolution=/tmp/cc1bvO1S.res -plugin-opt=-pass-through=-lgcc -plugin-opt=-pass-through=-lgcc_s -plugin-opt=-pass-through=-lc -plugin-opt=-pass-through=-lgcc -plugin-opt=-pass-through=-lgcc_s --eh-frame-hdr -m elf_i386 -export-dynamic -dynamic-linker /lib/ld-linux.so.2 -o cmTC_ec5f1 /lib/crt1.o /lib/crti.o /usr/local/lib/gcc/i686-redhat-linux/9.4.0/crtbegin.o -L/usr/local/lib/gcc/i686-redhat-linux/9.4.0 -L/usr/local/lib/gcc/i686-redhat-linux/9.4.0/../../.. CMakeFiles/cmTC_ec5f1.dir/CMakeCCompilerABI.c.o -lgcc --as-needed -lgcc_s --no-as-needed -lc -lgcc --as-needed -lgcc_s --no-as-needed /usr/local/lib/gcc/i686-redhat-linux/9.4.0/crtend.o /lib/crtn.o
COLLECT_GCC_OPTIONS='-v' '-rdynamic' '-o' 'cmTC_ec5f1' '-mtune=generic' '-march=x86-64'
gmake[1]: Leaving directory `/home/project/scanner/build_centos_x86/CMakeFiles/CMakeTmp'



Parsed C implicit include dir info from above output: rv=done
  found start of include info
  found start of implicit include info
    add: [/usr/local/lib/gcc/i686-redhat-linux/9.4.0/include]
    add: [/usr/local/include]
    add: [/usr/local/lib/gcc/i686-redhat-linux/9.4.0/include-fixed]
    add: [/usr/include]
  end of search list found
  collapse include dir [/usr/local/lib/gcc/i686-redhat-linux/9.4.0/include] ==> [/usr/local/lib/gcc/i686-redhat-linux/9.4.0/include]
  collapse include dir [/usr/local/include] ==> [/usr/local/include]
  collapse include dir [/usr/local/lib/gcc/i686-redhat-linux/9.4.0/include-fixed] ==> [/usr/local/lib/gcc/i686-redhat-linux/9.4.0/include-fixed]
  collapse include dir [/usr/include] ==> [/usr/include]
  implicit include dirs: [/usr/local/lib/gcc/i686-redhat-linux/9.4.0/include;/usr/local/include;/usr/local/lib/gcc/i686-redhat-linux/9.4.0/include-fixed;/usr/include]


Parsed C implicit link information from above output:
  link line regex: [^( *|.*[/\])(ld|CMAKE_LINK_STARTFILE-NOTFOUND|([^/\]+-)?ld|collect2)[^/\]*( |$)]
  ignore line: [Change Dir: /home/project/scanner/build_centos_x86/CMakeFiles/CMakeTmp]
  ignore line: []
  ignore line: [Run Build Command(s):/usr/bin/gmake -f Makefile cmTC_ec5f1/fast && /usr/bin/gmake  -f CMakeFiles/cmTC_ec5f1.dir/build.make CMakeFiles/cmTC_ec5f1.dir/build]
  ignore line: [gmake[1]: Entering directory `/home/project/scanner/build_centos_x86/CMakeFiles/CMakeTmp']
  ignore line: [Building C object CMakeFiles/cmTC_ec5f1.dir/CMakeCCompilerABI.c.o]
  ignore line: [/usr/local/bin/gcc   -v -o CMakeFiles/cmTC_ec5f1.dir/CMakeCCompilerABI.c.o -c /usr/local/share/cmake-3.20/Modules/CMakeCCompilerABI.c]
  ignore line: [Using built-in specs.]
  ignore line: [COLLECT_GCC=/usr/local/bin/gcc]
  ignore line: [Target: i686-redhat-linux]
  ignore line: [Configured with: ../gcc-9.4.0/configure --disable-multilib --enable-languages=c c++ --with-tune=generic --with-arch=x86-64 --build=i686-redhat-linux]
  ignore line: [Thread model: posix]
  ignore line: [gcc version 9.4.0 (GCC) ]
  ignore line: [COLLECT_GCC_OPTIONS='-v' '-o' 'CMakeFiles/cmTC_ec5f1.dir/CMakeCCompilerABI.c.o' '-c' '-mtune=generic' '-march=x86-64']
  ignore line: [ /usr/local/libexec/gcc/i686-redhat-linux/9.4.0/cc1 -quiet -v /usr/local/share/cmake-3.20/Modules/CMakeCCompilerABI.c -quiet -dumpbase CMakeCCompilerABI.c -mtune=generic -march=x86-64 -auxbase-strip CMakeFiles/cmTC_ec5f1.dir/CMakeCCompilerABI.c.o -version -o /tmp/ccIAClEP.s]
  ignore line: [GNU C17 (GCC) version 9.4.0 (i686-redhat-linux)]
  ignore line: [	compiled by GNU C version 9.4.0  GMP version 6.1.0  MPFR version 3.1.4  MPC version 1.0.3  isl version isl-0.18-GMP]
  ignore line: []
  ignore line: [GGC heuristics: --param ggc-min-expand=100 --param ggc-min-heapsize=131072]
  ignore line: [ignoring nonexistent directory "/usr/local/lib/gcc/i686-redhat-linux/9.4.0/../../../../i686-redhat-linux/include"]
  ignore line: [#include "..." search starts here:]
  ignore line: [#include <...> search starts here:]
  ignore line: [ /usr/local/lib/gcc/i686-redhat-linux/9.4.0/include]
  ignore line: [ /usr/local/include]
  ignore line: [ /usr/local/lib/gcc/i686-redhat-linux/9.4.0/include-fixed]
  ignore line: [ /usr/include]
  ignore line: [End of search list.]
  ignore line: [GNU C17 (GCC) version 9.4.0 (i686-redhat-linux)]
  ignore line: [	compiled by GNU C version 9.4.0  GMP version 6.1.0  MPFR version 3.1.4  MPC version 1.0.3  isl version isl-0.18-GMP]
  ignore line: []
  ignore line: [GGC heuristics: --param ggc-min-expand=100 --param ggc-min-heapsize=131072]
  ignore line: [Compiler executable checksum: fa595bec2a33a79777cd7051dcfeffed]
  ignore line: [COLLECT_GCC_OPTIONS='-v' '-o' 'CMakeFiles/cmTC_ec5f1.dir/CMakeCCompilerABI.c.o' '-c' '-mtune=generic' '-march=x86-64']
  ignore line: [ as -v --32 -o CMakeFiles/cmTC_ec5f1.dir/CMakeCCompilerABI.c.o /tmp/ccIAClEP.s]
  ignore line: [GNU assembler version 2.27 (i686-redhat-linux) using BFD version version 2.27-44.base.el7_9.1]
  ignore line: [COMPILER_PATH=/usr/local/libexec/gcc/i686-redhat-linux/9.4.0/:/usr/local/libexec/gcc/i686-redhat-linux/9.4.0/:/usr/local/libexec/gcc/i686-redhat-linux/:/usr/local/lib/gcc/i686-redhat-linux/9.4.0/:/usr/local/lib/gcc/i686-redhat-linux/]
  ignore line: [LIBRARY_PATH=/usr/local/lib/gcc/i686-redhat-linux/9.4.0/:/usr/local/lib/gcc/i686-redhat-linux/9.4.0/../../../:/lib/:/usr/lib/]
  ignore line: [COLLECT_GCC_OPTIONS='-v' '-o' 'CMakeFiles/cmTC_ec5f1.dir/CMakeCCompilerABI.c.o' '-c' '-mtune=generic' '-march=x86-64']
  ignore line: [Linking C executable cmTC_ec5f1]
  ignore line: [/usr/local/bin/cmake -E cmake_link_script CMakeFiles/cmTC_ec5f1.dir/link.txt --verbose=1]
  ignore line: [/usr/local/bin/gcc  -v -rdynamic CMakeFiles/cmTC_ec5f1.dir/CMakeCCompilerABI.c.o -o cmTC_ec5f1 ]
  ignore line: [Using built-in specs.]
  ignore line: [COLLECT_GCC=/usr/local/bin/gcc]
  ignore line: [COLLECT_LTO_WRAPPER=/usr/local/libexec/gcc/i686-redhat-linux/9.4.0/lto-wrapper]
  ignore line: [Target: i686-redhat-linux]
  ignore line: [Configured with: ../gcc-9.4.0/configure --disable-multilib --enable-languages=c c++ --with-tune=generic --with-arch=x86-64 --build=i686-redhat-linux]
  ignore line: [Thread model: posix]
  ignore line: [gcc version 9.4.0 (GCC) ]
  ignore line: [COMPILER_PATH=/usr/local/libexec/gcc/i686-redhat-linux/9.4.0/:/usr/local/libexec/gcc/i686-redhat-linux/9.4.0/:/usr/local/libexec/gcc/i686-redhat-linux/:/usr/local/lib/gcc/i686-redhat-linux/9.4.0/:/usr/local/lib/gcc/i686-redhat-linux/]
  ignore line: [LIBRARY_PATH=/usr/local/lib/gcc/i686-redhat-linux/9.4.0/:/usr/local/lib/gcc/i686-redhat-linux/9.4.0/../../../:/lib/:/usr/lib/]
  ignore line: [COLLECT_GCC_OPTIONS='-v' '-rdynamic' '-o' 'cmTC_ec5f1' '-mtune=generic' '-march=x86-64']
  link line: [ /usr/local/libexec/gcc/i686-redhat-linux/9.4.0/collect2 -plugin /usr/local/libexec/gcc/i686-redhat-linux/9.4.0/liblto_plugin.so -plugin-opt=/usr/local/libexec/gcc/i686-redhat-linux/9.4.0/lto-wrapper -plugin-opt=-fresolution=/tmp/cc1bvO1S.res -plugin-opt=-pass-through=-lgcc -plugin-opt=-pass-through=-lgcc_s -plugin-opt=-pass-through=-lc -plugin-opt=-pass-through=-lgcc -plugin-opt=-pass-through=-lgcc_s --eh-frame-hdr -m elf_i386 -export-dynamic -dynamic-linker /lib/ld-linux.so.2 -o cmTC_ec5f1 /lib/crt1.o /lib/crti.o /usr/local/lib/gcc/i686-redhat-linux/9.4.0/crtbegin.o -L/usr/local/lib/gcc/i686-redhat-linux/9.4.0 -L/usr/local/lib/gcc/i686-redhat-linux/9.4.0/../../.. CMakeFiles/cmTC_ec5f1.dir/CMakeCCompilerABI.c.o -lgcc --as-needed -lgcc_s --no-as-needed -lc -lgcc --as-needed -lgcc_s --no-as-needed /usr/local/lib/gcc/i686-redhat-linux/9.4.0/crtend.o /lib/crtn.o]
    arg [/usr/local/libexec/gcc/i686-redhat-linux/9.4.0/collect2] ==> ignore
    arg [-plugin] ==> ignore
    arg [/usr/local/libexec/gcc/i686-redhat-linux/9.4.0/liblto_plugin.so] ==> ignore
    arg [-plugin-opt=/usr/local/libexec/gcc/i686-redhat-linux/9.4.0/lto-wrapper] ==> ignore
    arg [-plugin-opt=-fresolution=/tmp/cc1bvO1S.res] ==> ignore
    arg [-plugin-opt=-pass-through=-lgcc] ==> ignore
    arg [-plugin-opt=-pass-through=-lgcc_s] ==> ignore
    arg [-plugin-opt=-pass-through=-lc] ==> ignore
    arg [-plugin-opt=-pass-through=-lgcc] ==> ignore
    arg [-plugin-opt=-pass-through=-lgcc_s] ==> ignore
    arg [--eh-frame-hdr] ==> ignore
    arg [-m] ==> ignore
    arg [elf_i386] ==> ignore
    arg [-export-dynamic] ==> ignore
    arg [-dynamic-linker] ==> ignore
    arg [/lib/ld-linux.so.2] ==> ignore
    arg [-o] ==> ignore
    arg [cmTC_ec5f1] ==> ignore
    arg [/lib/crt1.o] ==> ignore
    arg [/lib/crti.o] ==> ignore
    arg [/usr/local/lib/gcc/i686-redhat-linux/9.4.0/crtbegin.o] ==> ignore
    arg [-L/usr/local/lib/gcc/i686-redhat-linux/9.4.0] ==> dir [/usr/local/lib/gcc/i686-redhat-linux/9.4.0]
    arg [-L/usr/local/lib/gcc/i686-redhat-linux/9.4.0/../../..] ==> dir [/usr/local/lib/gcc/i686-redhat-linux/9.4.0/../../..]
    arg [CMakeFiles/cmTC_ec5f1.dir/CMakeCCompilerABI.c.o] ==> ignore
    arg [-lgcc] ==> lib [gcc]
    arg [--as-needed] ==> ignore
    arg [-lgcc_s] ==> lib [gcc_s]
    arg [--no-as-needed] ==> ignore
    arg [-lc] ==> lib [c]
    arg [-lgcc] ==> lib [gcc]
    arg [--as-needed] ==> ignore
    arg [-lgcc_s] ==> lib [gcc_s]
    arg [--no-as-needed] ==> ignore
    arg [/usr/local/lib/gcc/i686-redhat-linux/9.4.0/crtend.o] ==> ignore
    arg [/lib/crtn.o] ==> ignore
  collapse library dir [/usr/local/lib/gcc/i686-redhat-linux/9.4.0] ==> [/usr/local/lib/gcc/i686-redhat-linux/9.4.0]
  collapse library dir [/usr/local/lib/gcc/i686-redhat-linux/9.4.0/../../..] ==> [/usr/local/lib]
  implicit libs: [gcc;gcc_s;c;gcc;gcc_s]
  implicit dirs: [/usr/local/lib/gcc/i686-redhat-linux/9.4.0;/usr/local/lib]
  implicit fwks: []


Determining if the include file pthread.h exists passed with the following output:
Change Dir: /home/project/scanner/build_centos_x86/CMakeFiles/CMakeTmp

Run Build Command(s):/usr/bin/gmake -f Makefile cmTC_2a725/fast && /usr/bin/gmake  -f CMakeFiles/cmTC_2a725.dir/build.make CMakeFiles/cmTC_2a725.dir/build
gmake[1]: Entering directory `/home/project/scanner/build_centos_x86/CMakeFiles/CMakeTmp'
Building C object CMakeFiles/cmTC_2a725.dir/CheckIncludeFile.c.o
/usr/local/bin/gcc   -fPIE -o CMakeFiles/cmTC_2a725.dir/CheckIncludeFile.c.o -c /home/project/scanner/build_centos_x86/CMakeFiles/CMakeTmp/CheckIncludeFile.c
Linking C executable cmTC_2a725
/usr/local/bin/cmake -E cmake_link_script CMakeFiles/cmTC_2a725.dir/link.txt --verbose=1
/usr/local/bin/gcc -static-libstdc++ -static-libgcc  CMakeFiles/cmTC_2a725.dir/CheckIncludeFile.c.o -o cmTC_2a725 
gmake[1]: Leaving directory `/home/project/scanner/build_centos_x86/CMakeFiles/CMakeTmp'



Determining if the function pthread_create exists in the pthread passed with the following output:
Change Dir: /home/project/scanner/build_centos_x86/CMakeFiles/CMakeTmp

Run Build Command(s):/usr/bin/gmake -f Makefile cmTC_1ead0/fast && /usr/bin/gmake  -f CMakeFiles/cmTC_1ead0.dir/build.make CMakeFiles/cmTC_1ead0.dir/build
gmake[1]: Entering directory `/home/project/scanner/build_centos_x86/CMakeFiles/CMakeTmp'
Building C object CMakeFiles/cmTC_1ead0.dir/CheckFunctionExists.c.o
/usr/local/bin/gcc   -DCHECK_FUNCTION_EXISTS=pthread_create -fPIE -o CMakeFiles/cmTC_1ead0.dir/CheckFunctionExists.c.o -c /usr/local/share/cmake-3.20/Modules/CheckFunctionExists.c
Linking C executable cmTC_1ead0
/usr/local/bin/cmake -E cmake_link_script CMakeFiles/cmTC_1ead0.dir/link.txt --verbose=1
/usr/local/bin/gcc  -DCHECK_FUNCTION_EXISTS=pthread_create -static-libstdc++ -static-libgcc  CMakeFiles/cmTC_1ead0.dir/CheckFunctionExists.c.o -o cmTC_1ead0  -lpthread 
gmake[1]: Leaving directory `/home/project/scanner/build_centos_x86/CMakeFiles/CMakeTmp'



Performing C SOURCE FILE Test Iconv_IS_BUILT_IN succeeded with the following output:
Change Dir: /home/project/scanner/build_centos_x86/CMakeFiles/CMakeTmp

Run Build Command(s):/usr/bin/gmake -f Makefile cmTC_6c9c7/fast && /usr/bin/gmake  -f CMakeFiles/cmTC_6c9c7.dir/build.make CMakeFiles/cmTC_6c9c7.dir/build
gmake[1]: Entering directory `/home/project/scanner/build_centos_x86/CMakeFiles/CMakeTmp'
Building C object CMakeFiles/cmTC_6c9c7.dir/src.c.o
/usr/local/bin/gcc -DIconv_IS_BUILT_IN  -fPIE -o CMakeFiles/cmTC_6c9c7.dir/src.c.o -c /home/project/scanner/build_centos_x86/CMakeFiles/CMakeTmp/src.c
Linking C executable cmTC_6c9c7
/usr/local/bin/cmake -E cmake_link_script CMakeFiles/cmTC_6c9c7.dir/link.txt --verbose=1
/usr/local/bin/gcc -static-libstdc++ -static-libgcc  CMakeFiles/cmTC_6c9c7.dir/src.c.o -o cmTC_6c9c7 
gmake[1]: Leaving directory `/home/project/scanner/build_centos_x86/CMakeFiles/CMakeTmp'


Source file was:

      #include <stddef.h>
      #include <iconv.h>
      int main() {
        char *a, *b;
        size_t i, j;
        iconv_t ic;
        ic = iconv_open("to", "from");
        iconv(ic, &a, &i, &b, &j);
        iconv_close(ic);
      }
      
